<?xml version="1.0" encoding="UTF-8"?>
<!-- Generated by org.testng.reporters.JUnitXMLReporter -->
<testsuite ignored="0" hostname="LAPTOP-T56UHHLO" failures="0" tests="9" name="Default test" time="6.003" errors="0" timestamp="2023-03-23T14:56:33 IST">
  <testcase classname="testcases.profilepageTest" name="@BeforeMethod setup" time="5.861">
    <failure type="java.lang.NullPointerException" message="Cannot invoke &amp;quot;org.openqa.selenium.SearchContext.findElement(org.openqa.selenium.By)&amp;quot; because &amp;quot;this.searchContext&amp;quot; is null">
      <![CDATA[java.lang.NullPointerException: Cannot invoke "org.openqa.selenium.SearchContext.findElement(org.openqa.selenium.By)" because "this.searchContext" is null
at org.openqa.selenium.support.pagefactory.DefaultElementLocator.findElement(DefaultElementLocator.java:70)
at org.openqa.selenium.support.pagefactory.internal.LocatingElementHandler.invoke(LocatingElementHandler.java:39)
at jdk.proxy2/jdk.proxy2.$Proxy16.sendKeys(Unknown Source)
at pages.profilepage.login(profilepage.java:40)
at testcases.profilepageTest.setup(profilepageTest.java:22)
at java.base/jdk.internal.reflect.NativeMethodAccessorImpl.invoke0(Native Method)
at java.base/jdk.internal.reflect.NativeMethodAccessorImpl.invoke(NativeMethodAccessorImpl.java:77)
at java.base/jdk.internal.reflect.DelegatingMethodAccessorImpl.invoke(DelegatingMethodAccessorImpl.java:43)
at java.base/java.lang.reflect.Method.invoke(Method.java:568)
at org.testng.internal.MethodInvocationHelper.invokeMethod(MethodInvocationHelper.java:133)
at org.testng.internal.MethodInvocationHelper.invokeMethodConsideringTimeout(MethodInvocationHelper.java:62)
at org.testng.internal.ConfigInvoker.invokeConfigurationMethod(ConfigInvoker.java:385)
at org.testng.internal.ConfigInvoker.invokeConfigurations(ConfigInvoker.java:321)
at org.testng.internal.TestInvoker.runConfigMethods(TestInvoker.java:700)
at org.testng.internal.TestInvoker.invokeMethod(TestInvoker.java:527)
at org.testng.internal.TestInvoker.invokeTestMethod(TestInvoker.java:173)
at org.testng.internal.MethodRunner.runInSequence(MethodRunner.java:46)
at org.testng.internal.TestInvoker$MethodInvocationAgent.invoke(TestInvoker.java:824)
at org.testng.internal.TestInvoker.invokeTestMethods(TestInvoker.java:146)
at org.testng.internal.TestMethodWorker.invokeTestMethods(TestMethodWorker.java:146)
at org.testng.internal.TestMethodWorker.run(TestMethodWorker.java:128)
at java.base/java.util.ArrayList.forEach(ArrayList.java:1511)
at org.testng.TestRunner.privateRun(TestRunner.java:794)
at org.testng.TestRunner.run(TestRunner.java:596)
at org.testng.SuiteRunner.runTest(SuiteRunner.java:377)
at org.testng.SuiteRunner.runSequentially(SuiteRunner.java:371)
at org.testng.SuiteRunner.privateRun(SuiteRunner.java:332)
at org.testng.SuiteRunner.run(SuiteRunner.java:276)
at org.testng.SuiteRunnerWorker.runSuite(SuiteRunnerWorker.java:53)
at org.testng.SuiteRunnerWorker.run(SuiteRunnerWorker.java:96)
at org.testng.TestNG.runSuitesSequentially(TestNG.java:1212)
at org.testng.TestNG.runSuitesLocally(TestNG.java:1134)
at org.testng.TestNG.runSuites(TestNG.java:1063)
at org.testng.TestNG.run(TestNG.java:1031)
at org.testng.remote.AbstractRemoteTestNG.run(AbstractRemoteTestNG.java:115)
at org.testng.remote.RemoteTestNG.initAndRun(RemoteTestNG.java:251)
at org.testng.remote.RemoteTestNG.main(RemoteTestNG.java:77)
]]>
    </failure>
  </testcase> <!-- @BeforeMethod setup -->
  <testcase classname="testcases.profilepageTest" name="@AfterMethod exit" time="-1.679563593696E9">
    <skipped/>
  </testcase> <!-- @AfterMethod exit -->
  <testcase classname="testcases.profilepageTest" name="@BeforeMethod setup" time="-1.679563593699E9">
    <skipped/>
  </testcase> <!-- @BeforeMethod setup -->
  <testcase classname="testcases.profilepageTest" name="@AfterMethod exit" time="-1.679563593706E9">
    <skipped/>
  </testcase> <!-- @AfterMethod exit -->
  <testcase classname="testcases.profilepageTest" name="@BeforeMethod setup" time="-1.679563593708E9">
    <skipped/>
  </testcase> <!-- @BeforeMethod setup -->
  <testcase classname="testcases.profilepageTest" name="@AfterMethod exit" time="-1.679563593713E9">
    <skipped/>
  </testcase> <!-- @AfterMethod exit -->
  <testcase classname="testcases.profilepageTest" name="@BeforeMethod setup" time="-1.679563593716E9">
    <skipped/>
  </testcase> <!-- @BeforeMethod setup -->
  <testcase classname="testcases.profilepageTest" name="@AfterMethod exit" time="-1.679563593721E9">
    <skipped/>
  </testcase> <!-- @AfterMethod exit -->
  <testcase classname="testcases.profilepageTest" name="@BeforeMethod setup" time="-1.679563593722E9">
    <skipped/>
  </testcase> <!-- @BeforeMethod setup -->
  <testcase classname="testcases.profilepageTest" name="@AfterMethod exit" time="-1.679563593727E9">
    <skipped/>
  </testcase> <!-- @AfterMethod exit -->
  <testcase classname="testcases.profilepageTest" name="@BeforeMethod setup" time="-1.679563593728E9">
    <skipped/>
  </testcase> <!-- @BeforeMethod setup -->
  <testcase classname="testcases.profilepageTest" name="@AfterMethod exit" time="-1.679563593734E9">
    <skipped/>
  </testcase> <!-- @AfterMethod exit -->
  <testcase classname="testcases.profilepageTest" name="@BeforeMethod setup" time="-1.679563593737E9">
    <skipped/>
  </testcase> <!-- @BeforeMethod setup -->
  <testcase classname="testcases.profilepageTest" name="@AfterMethod exit" time="-1.679563593744E9">
    <skipped/>
  </testcase> <!-- @AfterMethod exit -->
  <testcase classname="testcases.profilepageTest" name="@BeforeMethod setup" time="-1.679563593746E9">
    <skipped/>
  </testcase> <!-- @BeforeMethod setup -->
  <testcase classname="testcases.profilepageTest" name="@AfterMethod exit" time="-1.679563593753E9">
    <skipped/>
  </testcase> <!-- @AfterMethod exit -->
  <testcase classname="testcases.profilepageTest" name="@BeforeMethod setup" time="-1.679563593754E9">
    <skipped/>
  </testcase> <!-- @BeforeMethod setup -->
  <testcase classname="testcases.profilepageTest" name="@AfterMethod exit" time="-1.679563593757E9">
    <skipped/>
  </testcase> <!-- @AfterMethod exit -->
  <testcase classname="testcases.profilepageTest" name="inpprofilepageEmailIdTest" time="0.0">
    <skipped/>
  </testcase> <!-- inpprofilepageEmailIdTest -->
  <testcase classname="testcases.profilepageTest" name="inpprofilepageGenderTest" time="0.0">
    <skipped/>
  </testcase> <!-- inpprofilepageGenderTest -->
  <testcase classname="testcases.profilepageTest" name="inpprofilepageavatarTest" time="0.0">
    <skipped/>
  </testcase> <!-- inpprofilepageavatarTest -->
  <testcase classname="testcases.profilepageTest" name="inpprofilepagecityTest" time="0.0">
    <skipped/>
  </testcase> <!-- inpprofilepagecityTest -->
  <testcase classname="testcases.profilepageTest" name="inpprofilepagegradeTest" time="0.0">
    <skipped/>
  </testcase> <!-- inpprofilepagegradeTest -->
  <testcase classname="testcases.profilepageTest" name="inpprofilepagenameTest" time="0.0">
    <skipped/>
  </testcase> <!-- inpprofilepagenameTest -->
  <testcase classname="testcases.profilepageTest" name="inpprofilepagephonenumberTest" time="0.0">
    <skipped/>
  </testcase> <!-- inpprofilepagephonenumberTest -->
  <testcase classname="testcases.profilepageTest" name="inpprofilepagesavebtnTest" time="0.0">
    <skipped/>
  </testcase> <!-- inpprofilepagesavebtnTest -->
  <testcase classname="testcases.profilepageTest" name="verifyWelcomemsgTest" time="0.0">
    <skipped/>
  </testcase> <!-- verifyWelcomemsgTest -->
</testsuite> <!-- Default test -->
